Build started 3/11/2014 7:42:40 PM.
     1>Project "C:\Users\Ken-Tablet\Documents\dynamic_programming_cmpe220-master\dynamic_memory\dynamic_memory\dynamic_memory.vcxproj" on node 2 (Build target(s)).
     1>ClCompile:
         C:\Program Files\Microsoft Visual Studio 11.0\VC\bin\CL.exe /c /ZI /nologo /W3 /WX- /sdl /Od /Oy- /D _MBCS /Gm /EHsc /RTC1 /MDd /GS /fp:precise /Zc:wchar_t /Zc:forScope /Fo"Debug\\" /Fd"Debug\vc110.pdb" /Gd /TP /analyze- /errorReport:prompt dynamic_programming_main.cpp
         dynamic_programming_main.cpp
     1>c:\users\ken-tablet\documents\dynamic_programming_cmpe220-master\dynamic_memory\dynamic_memory\dynamic_programming_main.cpp(107): warning C4018: '<' : signed/unsigned mismatch
     1>c:\users\ken-tablet\documents\dynamic_programming_cmpe220-master\dynamic_memory\dynamic_memory\dynamic_programming_main.cpp(108): warning C4018: '<' : signed/unsigned mismatch
     1>c:\users\ken-tablet\documents\dynamic_programming_cmpe220-master\dynamic_memory\dynamic_memory\dynamic_programming_main.cpp(110): warning C4018: '<' : signed/unsigned mismatch
     1>c:\users\ken-tablet\documents\dynamic_programming_cmpe220-master\dynamic_memory\dynamic_memory\dynamic_programming_main.cpp(111): warning C4018: '<' : signed/unsigned mismatch
     1>c:\users\ken-tablet\documents\dynamic_programming_cmpe220-master\dynamic_memory\dynamic_memory\dynamic_programming_main.cpp(124): warning C4018: '<' : signed/unsigned mismatch
     1>c:\users\ken-tablet\documents\dynamic_programming_cmpe220-master\dynamic_memory\dynamic_memory\dynamic_programming_main.cpp(125): warning C4018: '<' : signed/unsigned mismatch
     1>c:\users\ken-tablet\documents\dynamic_programming_cmpe220-master\dynamic_memory\dynamic_memory\dynamic_programming_main.cpp(127): warning C4018: '<' : signed/unsigned mismatch
     1>c:\users\ken-tablet\documents\dynamic_programming_cmpe220-master\dynamic_memory\dynamic_memory\dynamic_programming_main.cpp(141): warning C4018: '<' : signed/unsigned mismatch
     1>c:\users\ken-tablet\documents\dynamic_programming_cmpe220-master\dynamic_memory\dynamic_memory\dynamic_programming_main.cpp(155): warning C4018: '<' : signed/unsigned mismatch
     1>c:\users\ken-tablet\documents\dynamic_programming_cmpe220-master\dynamic_memory\dynamic_memory\dynamic_programming_main.cpp(173): warning C4018: '<' : signed/unsigned mismatch
       Link:
         C:\Program Files\Microsoft Visual Studio 11.0\VC\bin\link.exe /ERRORREPORT:PROMPT /OUT:"C:\Users\Ken-Tablet\Documents\dynamic_programming_cmpe220-master\dynamic_memory\Debug\dynamic_programming.exe" /INCREMENTAL /NOLOGO kernel32.lib user32.lib gdi32.lib winspool.lib comdlg32.lib advapi32.lib shell32.lib ole32.lib oleaut32.lib uuid.lib odbc32.lib odbccp32.lib /MANIFEST /MANIFESTUAC:"level='asInvoker' uiAccess='false'" /manifest:embed /DEBUG /PDB:"C:\Users\Ken-Tablet\Documents\dynamic_programming_cmpe220-master\dynamic_memory\Debug\dynamic_programming.pdb" /TLBID:1 /DYNAMICBASE /NXCOMPAT /IMPLIB:"C:\Users\Ken-Tablet\Documents\dynamic_programming_cmpe220-master\dynamic_memory\Debug\dynamic_programming.lib" /MACHINE:X86 Debug\dynamic_programming_main.obj
         dynamic_memory.vcxproj -> C:\Users\Ken-Tablet\Documents\dynamic_programming_cmpe220-master\dynamic_memory\Debug\dynamic_programming.exe
     1>Done Building Project "C:\Users\Ken-Tablet\Documents\dynamic_programming_cmpe220-master\dynamic_memory\dynamic_memory\dynamic_memory.vcxproj" (Build target(s)).

Build succeeded.

Time Elapsed 00:00:03.77
