Build started 3/16/2014 11:22:31 PM.
     1>Project "C:\Users\AMD_QUADCORE\Documents\GitHub\dynamic_programming_cmpe220\dynamicProgramming\dynamicProgramming\dynamicProgramming.vcxproj" on node 2 (Build target(s)).
     1>ClCompile:
         C:\Program Files (x86)\Microsoft Visual Studio 11.0\VC\bin\CL.exe /c /ZI /nologo /W3 /WX- /sdl /Od /Oy- /D _MBCS /Gm /EHsc /RTC1 /MDd /GS /fp:precise /Zc:wchar_t /Zc:forScope /Fo"Debug\\" /Fd"Debug\vc110.pdb" /Gd /TP /analyze- /errorReport:prompt dynamic_programming_main.cpp
         dynamic_programming_main.cpp
     1>c:\users\amd_quadcore\documents\github\dynamic_programming_cmpe220\dynamicprogramming\dynamicprogramming\inputdata.h(83): warning C4018: '<' : signed/unsigned mismatch
     1>c:\users\amd_quadcore\documents\github\dynamic_programming_cmpe220\dynamicprogramming\dynamicprogramming\inputdata.h(84): warning C4018: '<' : signed/unsigned mismatch
     1>c:\users\amd_quadcore\documents\github\dynamic_programming_cmpe220\dynamicprogramming\dynamicprogramming\inputdata.h(86): warning C4018: '<' : signed/unsigned mismatch
     1>c:\users\amd_quadcore\documents\github\dynamic_programming_cmpe220\dynamicprogramming\dynamicprogramming\inputdata.h(87): warning C4018: '<' : signed/unsigned mismatch
     1>c:\users\amd_quadcore\documents\github\dynamic_programming_cmpe220\dynamicprogramming\dynamicprogramming\dynamic_programming_main.cpp(60): warning C4244: 'argument' : conversion from 'double' to 'int', possible loss of data
     1>c:\users\amd_quadcore\documents\github\dynamic_programming_cmpe220\dynamicprogramming\dynamicprogramming\dynamic_programming_main.cpp(62): warning C4244: 'argument' : conversion from 'double' to 'int', possible loss of data
     1>c:\users\amd_quadcore\documents\github\dynamic_programming_cmpe220\dynamicprogramming\dynamicprogramming\dynamic_programming_main.cpp(69): warning C4244: 'argument' : conversion from 'double' to 'unsigned int', possible loss of data
     1>c:\users\amd_quadcore\documents\github\dynamic_programming_cmpe220\dynamicprogramming\dynamicprogramming\dynamic_programming_main.cpp(69): warning C4244: 'argument' : conversion from 'double' to 'int', possible loss of data
     1>c:\users\amd_quadcore\documents\github\dynamic_programming_cmpe220\dynamicprogramming\dynamicprogramming\dynamic_programming_main.cpp(85): warning C4018: '<' : signed/unsigned mismatch
     1>c:\users\amd_quadcore\documents\github\dynamic_programming_cmpe220\dynamicprogramming\dynamicprogramming\dynamic_programming_main.cpp(86): warning C4018: '<' : signed/unsigned mismatch
     1>c:\users\amd_quadcore\documents\github\dynamic_programming_cmpe220\dynamicprogramming\dynamicprogramming\dynamic_programming_main.cpp(88): warning C4018: '<' : signed/unsigned mismatch
     1>c:\users\amd_quadcore\documents\github\dynamic_programming_cmpe220\dynamicprogramming\dynamicprogramming\dynamic_programming_main.cpp(129): warning C4018: '<' : signed/unsigned mismatch
     1>c:\users\amd_quadcore\documents\github\dynamic_programming_cmpe220\dynamicprogramming\dynamicprogramming\dynamic_programming_main.cpp(162): warning C4018: '<' : signed/unsigned mismatch
     1>c:\users\amd_quadcore\documents\github\dynamic_programming_cmpe220\dynamicprogramming\dynamicprogramming\dynamic_programming_main.cpp(169): warning C4018: '<' : signed/unsigned mismatch
     1>c:\users\amd_quadcore\documents\github\dynamic_programming_cmpe220\dynamicprogramming\dynamicprogramming\dynamic_programming_main.cpp(192): warning C4018: '<' : signed/unsigned mismatch
     1>c:\users\amd_quadcore\documents\github\dynamic_programming_cmpe220\dynamicprogramming\dynamicprogramming\dynamic_programming_main.cpp(254): warning C4018: '<' : signed/unsigned mismatch
     1>c:\users\amd_quadcore\documents\github\dynamic_programming_cmpe220\dynamicprogramming\dynamicprogramming\dynamic_programming_main.cpp(255): warning C4018: '<' : signed/unsigned mismatch
     1>c:\users\amd_quadcore\documents\github\dynamic_programming_cmpe220\dynamicprogramming\dynamicprogramming\dynamic_programming_main.cpp(274): warning C4018: '<' : signed/unsigned mismatch
     1>c:\users\amd_quadcore\documents\github\dynamic_programming_cmpe220\dynamicprogramming\dynamicprogramming\dynamic_programming_main.cpp(276): warning C4018: '<' : signed/unsigned mismatch
     1>c:\users\amd_quadcore\documents\github\dynamic_programming_cmpe220\dynamicprogramming\dynamicprogramming\dynamic_programming_main.cpp(287): warning C4018: '<' : signed/unsigned mismatch
       Link:
         C:\Program Files (x86)\Microsoft Visual Studio 11.0\VC\bin\link.exe /ERRORREPORT:PROMPT /OUT:"C:\Users\AMD_QUADCORE\Documents\GitHub\dynamic_programming_cmpe220\dynamicProgramming\Debug\dynamicProgramming.exe" /INCREMENTAL /NOLOGO kernel32.lib user32.lib gdi32.lib winspool.lib comdlg32.lib advapi32.lib shell32.lib ole32.lib oleaut32.lib uuid.lib odbc32.lib odbccp32.lib /MANIFEST /MANIFESTUAC:"level='asInvoker' uiAccess='false'" /manifest:embed /DEBUG /PDB:"C:\Users\AMD_QUADCORE\Documents\GitHub\dynamic_programming_cmpe220\dynamicProgramming\Debug\dynamicProgramming.pdb" /TLBID:1 /DYNAMICBASE /NXCOMPAT /IMPLIB:"C:\Users\AMD_QUADCORE\Documents\GitHub\dynamic_programming_cmpe220\dynamicProgramming\Debug\dynamicProgramming.lib" /MACHINE:X86 Debug\dynamic_programming_main.obj
         dynamicProgramming.vcxproj -> C:\Users\AMD_QUADCORE\Documents\GitHub\dynamic_programming_cmpe220\dynamicProgramming\Debug\dynamicProgramming.exe
     1>Done Building Project "C:\Users\AMD_QUADCORE\Documents\GitHub\dynamic_programming_cmpe220\dynamicProgramming\dynamicProgramming\dynamicProgramming.vcxproj" (Build target(s)).

Build succeeded.

Time Elapsed 00:00:01.60
