Build started 3/10/2014 10:10:45 AM.
     1>Project "C:\Users\AMD_QUADCORE\documents\visual studio 2012\Projects\dynamic_memory\dynamic_memory\dynamic_memory.vcxproj" on node 2 (Build target(s)).
     1>ClCompile:
         C:\Program Files (x86)\Microsoft Visual Studio 11.0\VC\bin\CL.exe /c /ZI /nologo /W3 /WX- /sdl /Od /Oy- /D _MBCS /Gm /EHsc /RTC1 /MDd /GS /fp:precise /Zc:wchar_t /Zc:forScope /Fo"Debug\\" /Fd"Debug\vc110.pdb" /Gd /TP /analyze- /errorReport:prompt Source.cpp
         Source.cpp
     1>c:\users\amd_quadcore\documents\visual studio 2012\projects\dynamic_memory\dynamic_memory\source.cpp(107): warning C4018: '<' : signed/unsigned mismatch
     1>c:\users\amd_quadcore\documents\visual studio 2012\projects\dynamic_memory\dynamic_memory\source.cpp(108): warning C4018: '<' : signed/unsigned mismatch
     1>c:\users\amd_quadcore\documents\visual studio 2012\projects\dynamic_memory\dynamic_memory\source.cpp(110): warning C4018: '<' : signed/unsigned mismatch
     1>c:\users\amd_quadcore\documents\visual studio 2012\projects\dynamic_memory\dynamic_memory\source.cpp(111): warning C4018: '<' : signed/unsigned mismatch
     1>c:\users\amd_quadcore\documents\visual studio 2012\projects\dynamic_memory\dynamic_memory\source.cpp(124): warning C4018: '<' : signed/unsigned mismatch
     1>c:\users\amd_quadcore\documents\visual studio 2012\projects\dynamic_memory\dynamic_memory\source.cpp(125): warning C4018: '<' : signed/unsigned mismatch
     1>c:\users\amd_quadcore\documents\visual studio 2012\projects\dynamic_memory\dynamic_memory\source.cpp(127): warning C4018: '<' : signed/unsigned mismatch
     1>c:\users\amd_quadcore\documents\visual studio 2012\projects\dynamic_memory\dynamic_memory\source.cpp(147): warning C4018: '<' : signed/unsigned mismatch
     1>c:\users\amd_quadcore\documents\visual studio 2012\projects\dynamic_memory\dynamic_memory\source.cpp(159): warning C4018: '<' : signed/unsigned mismatch
       Link:
         C:\Program Files (x86)\Microsoft Visual Studio 11.0\VC\bin\link.exe /ERRORREPORT:PROMPT /OUT:"C:\Users\AMD_QUADCORE\documents\visual studio 2012\Projects\dynamic_memory\Debug\dynamic_programming.exe" /INCREMENTAL /NOLOGO kernel32.lib user32.lib gdi32.lib winspool.lib comdlg32.lib advapi32.lib shell32.lib ole32.lib oleaut32.lib uuid.lib odbc32.lib odbccp32.lib /MANIFEST /MANIFESTUAC:"level='asInvoker' uiAccess='false'" /manifest:embed /DEBUG /PDB:"C:\Users\AMD_QUADCORE\documents\visual studio 2012\Projects\dynamic_memory\Debug\dynamic_programming.pdb" /TLBID:1 /DYNAMICBASE /NXCOMPAT /IMPLIB:"C:\Users\AMD_QUADCORE\documents\visual studio 2012\Projects\dynamic_memory\Debug\dynamic_programming.lib" /MACHINE:X86 Debug\Source.obj
         dynamic_memory.vcxproj -> C:\Users\AMD_QUADCORE\documents\visual studio 2012\Projects\dynamic_memory\Debug\dynamic_programming.exe
     1>Done Building Project "C:\Users\AMD_QUADCORE\documents\visual studio 2012\Projects\dynamic_memory\dynamic_memory\dynamic_memory.vcxproj" (Build target(s)).

Build succeeded.

Time Elapsed 00:00:01.96
